[2022-07-28T20:06:26.348Z] Log level: Info
[2022-07-28T20:06:26.349Z] [info] Validating found git in: git
[2022-07-28T20:06:26.365Z] [info] Using git 2.37.1 from git
[2022-07-28T20:06:26.374Z] > git rev-parse --show-toplevel [3ms]
[2022-07-28T20:06:26.380Z] > git rev-parse --git-dir --git-common-dir [1ms]
[2022-07-28T20:06:26.384Z] [info] Open repository: /home/nick/.config/awesome
[2022-07-28T20:06:26.400Z] > git status -z -uall [10ms]
[2022-07-28T20:06:26.405Z] > git symbolic-ref --short HEAD [1ms]
[2022-07-28T20:06:26.410Z] > git for-each-ref --format=%(refname)%00%(upstream:short)%00%(objectname)%00%(upstream:track)%00%(upstream:remotename)%00%(upstream:remoteref) refs/heads/main refs/remotes/main [1ms]
[2022-07-28T20:06:26.417Z] > git remote --verbose [1ms]
[2022-07-28T20:06:26.417Z] > git for-each-ref --sort -committerdate --format %(refname) %(objectname) %(*objectname) [4ms]
[2022-07-28T20:06:26.423Z] > git config --get commit.template [0ms]
[2022-07-28T20:06:26.428Z] > git status -z -uall [1ms]
[2022-07-28T20:06:26.432Z] > git symbolic-ref --short HEAD [1ms]
[2022-07-28T20:06:26.449Z] > git for-each-ref --format=%(refname)%00%(upstream:short)%00%(objectname)%00%(upstream:track)%00%(upstream:remotename)%00%(upstream:remoteref) refs/heads/main refs/remotes/main [12ms]
[2022-07-28T20:06:26.458Z] > git for-each-ref --sort -committerdate --format %(refname) %(objectname) %(*objectname) [5ms]
[2022-07-28T20:06:26.458Z] > git remote --verbose [1ms]
[2022-07-28T20:06:26.466Z] > git config --get commit.template [2ms]
[2022-07-28T20:06:26.707Z] > git show --textconv :rc.lua [4ms]
[2022-07-28T20:06:26.708Z] > git ls-files --stage -- /home/nick/.config/awesome/rc.lua [1ms]
[2022-07-28T20:06:26.711Z] > git cat-file -s 25ba68e77ff0092f5a7b7cafe2b683d7608d2090 [1ms]
[2022-07-28T20:06:26.947Z] > git check-ignore -v -z --stdin [1ms]
[2022-07-28T20:08:46.280Z] > git show --textconv :todo [2ms]
[2022-07-28T20:08:46.281Z] > git ls-files --stage -- /home/nick/.config/awesome/todo [1ms]
[2022-07-28T20:08:46.285Z] > git cat-file -s d27174dfe6cb4d0a77b994d02adf4c8faf4b4ade [1ms]
[2022-07-28T20:09:43.089Z] > git status -z -uall [4ms]
[2022-07-28T20:09:43.092Z] > git symbolic-ref --short HEAD [0ms]
[2022-07-28T20:09:43.095Z] > git for-each-ref --format=%(refname)%00%(upstream:short)%00%(objectname)%00%(upstream:track)%00%(upstream:remotename)%00%(upstream:remoteref) refs/heads/main refs/remotes/main [1ms]
[2022-07-28T20:09:43.105Z] > git for-each-ref --sort -committerdate --format %(refname) %(objectname) %(*objectname) [6ms]
[2022-07-28T20:09:43.106Z] > git remote --verbose [2ms]
[2022-07-28T20:09:43.113Z] > git config --get commit.template [1ms]
[2022-07-28T20:10:38.783Z] > git show --textconv :todo [2ms]
[2022-07-28T20:10:38.784Z] > git ls-files --stage -- /home/nick/.config/awesome/todo [1ms]
[2022-07-28T20:10:38.786Z] > git cat-file -s d27174dfe6cb4d0a77b994d02adf4c8faf4b4ade [1ms]
[2022-07-28T20:10:46.892Z] > git show --textconv HEAD:rc.lua [3ms]
[2022-07-28T20:10:46.892Z] > git ls-tree -l HEAD -- /home/nick/.config/awesome/rc.lua [1ms]
[2022-07-28T20:11:26.263Z] > git ls-tree -l HEAD -- /home/nick/.config/awesome/rc.lua [1ms]
[2022-07-28T20:11:48.509Z] > git ls-tree -l HEAD -- /home/nick/.config/awesome/rc.lua [3ms]
[2022-07-28T20:11:48.511Z] > git checkout -q -- /home/nick/.config/awesome/rc.lua [2ms]
[2022-07-28T20:11:48.514Z] > git status -z -uall [1ms]
[2022-07-28T20:11:48.516Z] > git symbolic-ref --short HEAD [0ms]
[2022-07-28T20:11:48.520Z] > git for-each-ref --format=%(refname)%00%(upstream:short)%00%(objectname)%00%(upstream:track)%00%(upstream:remotename)%00%(upstream:remoteref) refs/heads/main refs/remotes/main [1ms]
[2022-07-28T20:11:48.525Z] > git for-each-ref --sort -committerdate --format %(refname) %(objectname) %(*objectname) [3ms]
[2022-07-28T20:11:48.525Z] > git remote --verbose [1ms]
[2022-07-28T20:11:48.530Z] > git config --get commit.template [1ms]
[2022-07-28T20:11:49.569Z] > git status -z -uall [1ms]
[2022-07-28T20:11:49.573Z] > git symbolic-ref --short HEAD [1ms]
[2022-07-28T20:11:49.576Z] > git for-each-ref --format=%(refname)%00%(upstream:short)%00%(objectname)%00%(upstream:track)%00%(upstream:remotename)%00%(upstream:remoteref) refs/heads/main refs/remotes/main [1ms]
[2022-07-28T20:11:49.582Z] > git for-each-ref --sort -committerdate --format %(refname) %(objectname) %(*objectname) [3ms]
[2022-07-28T20:11:49.583Z] > git remote --verbose [2ms]
[2022-07-28T20:11:49.587Z] > git config --get commit.template [1ms]
[2022-07-28T20:11:49.673Z] > git ls-tree -l HEAD -- /home/nick/.config/awesome/rc.lua [1ms]
[2022-07-28T20:11:49.680Z] > git show --textconv HEAD:rc.lua [1ms]
[2022-07-28T20:11:53.494Z] > git add -A -- /home/nick/.config/awesome/todo [3ms]
[2022-07-28T20:11:53.499Z] > git status -z -uall [2ms]
[2022-07-28T20:11:53.507Z] > git symbolic-ref --short HEAD [1ms]
[2022-07-28T20:11:53.514Z] > git for-each-ref --format=%(refname)%00%(upstream:short)%00%(objectname)%00%(upstream:track)%00%(upstream:remotename)%00%(upstream:remoteref) refs/heads/main refs/remotes/main [2ms]
[2022-07-28T20:11:53.522Z] > git for-each-ref --sort -committerdate --format %(refname) %(objectname) %(*objectname) [3ms]
[2022-07-28T20:11:53.523Z] > git remote --verbose [1ms]
[2022-07-28T20:11:53.528Z] > git config --get commit.template [1ms]
[2022-07-28T20:11:54.600Z] > git status -z -uall [3ms]
[2022-07-28T20:11:54.603Z] > git symbolic-ref --short HEAD [1ms]
[2022-07-28T20:11:54.607Z] > git for-each-ref --format=%(refname)%00%(upstream:short)%00%(objectname)%00%(upstream:track)%00%(upstream:remotename)%00%(upstream:remoteref) refs/heads/main refs/remotes/main [2ms]
[2022-07-28T20:11:54.620Z] > git for-each-ref --sort -committerdate --format %(refname) %(objectname) %(*objectname) [6ms]
[2022-07-28T20:11:54.620Z] > git remote --verbose [0ms]
[2022-07-28T20:11:54.625Z] > git config --get commit.template [1ms]
[2022-07-28T20:11:54.654Z] > git ls-tree -l HEAD -- /home/nick/.config/awesome/rc.lua [1ms]
[2022-07-28T20:11:54.661Z] > git show --textconv HEAD:rc.lua [2ms]
[2022-07-28T20:11:58.040Z] > git show --textconv :.git/COMMIT_EDITMSG [3ms]
[2022-07-28T20:11:58.040Z] > git ls-files --stage -- /home/nick/.config/awesome/.git/COMMIT_EDITMSG [0ms]
[2022-07-28T20:11:58.351Z] > git check-ignore -v -z --stdin [1ms]
[2022-07-28T20:11:58.863Z] > git ls-tree -l HEAD -- /home/nick/.config/awesome/rc.lua [3ms]
[2022-07-28T20:11:58.863Z] > git ls-files --stage -- /home/nick/.config/awesome/.git/COMMIT_EDITMSG [0ms]
[2022-07-28T20:11:58.871Z] > git show --textconv HEAD:rc.lua [2ms]
[2022-07-28T20:11:58.872Z] > git show --textconv :.git/COMMIT_EDITMSG [1ms]
[2022-07-28T20:12:05.858Z] > git ls-tree -l HEAD -- /home/nick/.config/awesome/rc.lua [4ms]
[2022-07-28T20:12:05.868Z] > git -c user.useConfigOnly=true commit --quiet [8169ms]
[2022-07-28T20:12:05.872Z] > git status -z -uall [1ms]
[2022-07-28T20:12:05.876Z] > git symbolic-ref --short HEAD [1ms]
[2022-07-28T20:12:05.879Z] > git for-each-ref --format=%(refname)%00%(upstream:short)%00%(objectname)%00%(upstream:track)%00%(upstream:remotename)%00%(upstream:remoteref) refs/heads/main refs/remotes/main [1ms]
[2022-07-28T20:12:05.885Z] > git for-each-ref --sort -committerdate --format %(refname) %(objectname) %(*objectname) [3ms]
[2022-07-28T20:12:05.885Z] > git remote --verbose [1ms]
[2022-07-28T20:12:05.891Z] > git config --get commit.template [1ms]
[2022-07-28T20:12:05.896Z] > git status -z -uall [1ms]
[2022-07-28T20:12:05.899Z] > git symbolic-ref --short HEAD [1ms]
[2022-07-28T20:12:05.902Z] > git for-each-ref --format=%(refname)%00%(upstream:short)%00%(objectname)%00%(upstream:track)%00%(upstream:remotename)%00%(upstream:remoteref) refs/heads/main refs/remotes/main [1ms]
[2022-07-28T20:12:05.908Z] > git for-each-ref --sort -committerdate --format %(refname) %(objectname) %(*objectname) [3ms]
[2022-07-28T20:12:05.908Z] > git remote --verbose [0ms]
[2022-07-28T20:12:05.913Z] > git config --get commit.template [1ms]
[2022-07-28T20:12:06.958Z] > git ls-tree -l HEAD -- /home/nick/.config/awesome/rc.lua [1ms]
[2022-07-28T20:12:06.966Z] > git show --textconv HEAD:rc.lua [1ms]
[2022-07-28T20:12:19.461Z] > git log --oneline --cherry main...main@{upstream} -- [3ms]
[2022-07-28T20:12:19.464Z] > git ls-tree -l HEAD -- /home/nick/.config/awesome/rc.lua [10ms]
[2022-07-28T20:12:19.464Z] > git status -z -uall [3ms]
[2022-07-28T20:12:19.467Z] > git symbolic-ref --short HEAD [1ms]
[2022-07-28T20:12:19.469Z] > git for-each-ref --format=%(refname)%00%(upstream:short)%00%(objectname)%00%(upstream:track)%00%(upstream:remotename)%00%(upstream:remoteref) refs/heads/main refs/remotes/main [1ms]
[2022-07-28T20:12:19.473Z] > git for-each-ref --sort -committerdate --format %(refname) %(objectname) %(*objectname) [2ms]
[2022-07-28T20:12:19.473Z] > git remote --verbose [0ms]
[2022-07-28T20:12:19.476Z] > git config --get commit.template [0ms]
[2022-07-28T20:12:19.930Z] > git pull --tags origin main [466ms]
[2022-07-28T20:12:19.930Z] From https://github.com/NuclearPsychedelic/awesome
 * branch            main       -> FETCH_HEAD
[2022-07-28T20:12:20.907Z] > git push origin main:main [974ms]
[2022-07-28T20:12:20.907Z] To https://github.com/NuclearPsychedelic/awesome.git
   0f8783b..f134726  main -> main
[2022-07-28T20:12:20.912Z] > git status -z -uall [1ms]
[2022-07-28T20:12:20.915Z] > git symbolic-ref --short HEAD [0ms]
[2022-07-28T20:12:20.918Z] > git for-each-ref --format=%(refname)%00%(upstream:short)%00%(objectname)%00%(upstream:track)%00%(upstream:remotename)%00%(upstream:remoteref) refs/heads/main refs/remotes/main [0ms]
[2022-07-28T20:12:20.924Z] > git for-each-ref --sort -committerdate --format %(refname) %(objectname) %(*objectname) [4ms]
[2022-07-28T20:12:20.924Z] > git remote --verbose [1ms]
[2022-07-28T20:12:20.928Z] > git config --get commit.template [0ms]
[2022-07-28T20:12:22.166Z] > git ls-tree -l HEAD -- /home/nick/.config/awesome/rc.lua [1ms]
[2022-07-28T20:12:22.172Z] > git show --textconv HEAD:rc.lua [1ms]
[2022-07-28T20:12:24.488Z] > git status -z -uall [3ms]
[2022-07-28T20:12:24.490Z] > git symbolic-ref --short HEAD [1ms]
[2022-07-28T20:12:24.495Z] > git for-each-ref --format=%(refname)%00%(upstream:short)%00%(objectname)%00%(upstream:track)%00%(upstream:remotename)%00%(upstream:remoteref) refs/heads/main refs/remotes/main [2ms]
[2022-07-28T20:12:24.506Z] > git for-each-ref --sort -committerdate --format %(refname) %(objectname) %(*objectname) [5ms]
[2022-07-28T20:12:24.506Z] > git remote --verbose [0ms]
[2022-07-28T20:12:24.510Z] > git config --get commit.template [0ms]
[2022-07-28T20:12:27.374Z] > git fetch [427ms]
[2022-07-28T20:12:27.383Z] > git status -z -uall [2ms]
[2022-07-28T20:12:27.392Z] > git symbolic-ref --short HEAD [1ms]
[2022-07-28T20:12:27.400Z] > git for-each-ref --format=%(refname)%00%(upstream:short)%00%(objectname)%00%(upstream:track)%00%(upstream:remotename)%00%(upstream:remoteref) refs/heads/main refs/remotes/main [2ms]
[2022-07-28T20:12:27.412Z] > git for-each-ref --sort -committerdate --format %(refname) %(objectname) %(*objectname) [6ms]
[2022-07-28T20:12:27.413Z] > git remote --verbose [2ms]
[2022-07-28T20:12:27.420Z] > git config --get commit.template [1ms]
[2022-07-28T20:12:28.529Z] > git ls-tree -l HEAD -- /home/nick/.config/awesome/rc.lua [1ms]
[2022-07-28T20:12:28.536Z] > git show --textconv HEAD:rc.lua [1ms]
[2022-07-28T20:12:29.528Z] > git status -z -uall [1ms]
[2022-07-28T20:12:29.531Z] > git symbolic-ref --short HEAD [0ms]
[2022-07-28T20:12:29.535Z] > git for-each-ref --format=%(refname)%00%(upstream:short)%00%(objectname)%00%(upstream:track)%00%(upstream:remotename)%00%(upstream:remoteref) refs/heads/main refs/remotes/main [1ms]
[2022-07-28T20:12:29.540Z] > git for-each-ref --sort -committerdate --format %(refname) %(objectname) %(*objectname) [3ms]
[2022-07-28T20:12:29.540Z] > git remote --verbose [0ms]
[2022-07-28T20:12:29.546Z] > git config --get commit.template [1ms]
[2022-07-28T20:14:57.403Z] > git ls-tree -l HEAD -- /home/nick/.config/awesome/rc.lua [1ms]
[2022-07-28T20:15:11.539Z] > git ls-tree -l HEAD -- /home/nick/.config/awesome/rc.lua [1ms]
[2022-07-28T20:15:15.678Z] > git show --textconv :todo [2ms]
[2022-07-28T20:15:15.679Z] > git ls-files --stage -- /home/nick/.config/awesome/todo [1ms]
[2022-07-28T20:15:15.683Z] > git cat-file -s d767f666030f5d8b167ab1904a00a803a503c2b0 [1ms]
[2022-07-28T20:15:33.713Z] > git fetch [464ms]
[2022-07-28T20:15:33.723Z] > git status -z -uall [2ms]
[2022-07-28T20:15:33.731Z] > git symbolic-ref --short HEAD [1ms]
[2022-07-28T20:15:33.739Z] > git for-each-ref --format=%(refname)%00%(upstream:short)%00%(objectname)%00%(upstream:track)%00%(upstream:remotename)%00%(upstream:remoteref) refs/heads/main refs/remotes/main [2ms]
[2022-07-28T20:15:33.750Z] > git for-each-ref --sort -committerdate --format %(refname) %(objectname) %(*objectname) [5ms]
[2022-07-28T20:15:33.751Z] > git remote --verbose [2ms]
[2022-07-28T20:15:33.756Z] > git config --get commit.template [1ms]
