[2022-07-28 23:06:24.971] [main] [info] update#setState idle
[2022-07-28 23:06:25.862] [main] [info] Starting extension host with pid 102034 (fork() took 22 ms).
[2022-07-28 23:06:54.990] [main] [info] update#setState checking for updates
[2022-07-28 23:06:55.295] [main] [info] update#setState idle
[2022-07-28 23:18:36.098] [main] [warning] [File Watcher (node.js)] Watcher shutdown because watched path got deleted
[2022-07-28 23:18:36.098] [main] [warning] [File Watcher (node.js)] Watcher shutdown because watched path got deleted
[2022-07-28 23:18:36.628] [main] [error] [storage state.vscdb] prepare(): Error: SQLITE_READONLY_DBMOVED: attempt to write a readonly database (INSERT INTO ItemTable VALUES (?,?)). Details: Keys: colorThemeData Length: 9722
[2022-07-28 23:18:36.640] [main] [error] [storage state.vscdb] prepare(): Error: SQLITE_READONLY_DBMOVED: attempt to write a readonly database (INSERT INTO ItemTable VALUES (?,?)). Details: Keys: terminal.integrated.environmentVariableCollections Length: 2
[2022-07-28 23:18:37.641] [main] [error] [storage state.vscdb] prepare(): Error: SQLITE_READONLY_DBMOVED: attempt to write a readonly database (INSERT INTO ItemTable VALUES (?,?)). Details: Keys: terminal.integrated.environmentVariableCollections Length: 489
[2022-07-28 23:21:23.058] [main] [error] [storage state.vscdb] prepare(): Error: SQLITE_READONLY_DBMOVED: attempt to write a readonly database (INSERT INTO ItemTable VALUES (?,?),(?,?)). Details: Keys: __$__targetStorageMarker, workbench.sidebar.activeviewletid Length: 1511
[2022-07-28 23:21:25.423] [main] [error] [storage state.vscdb] prepare(): Error: SQLITE_READONLY_DBMOVED: attempt to write a readonly database (INSERT INTO ItemTable VALUES (?,?)). Details: Keys: __$__targetStorageMarker Length: 1455
[2022-07-28 23:27:29.503] [main] [error] [storage state.vscdb] prepare(): Error: SQLITE_READONLY_DBMOVED: attempt to write a readonly database (INSERT INTO ItemTable VALUES (?,?),(?,?)). Details: Keys: __$__targetStorageMarker, workbench.sidebar.activeviewletid Length: 1518
[2022-07-28 23:27:32.995] [main] [error] [storage state.vscdb] prepare(): Error: SQLITE_READONLY_DBMOVED: attempt to write a readonly database (INSERT INTO ItemTable VALUES (?,?)). Details: Keys: colorThemeData Length: 33501
[2022-07-28 23:27:35.417] [main] [error] [storage state.vscdb] prepare(): Error: SQLITE_READONLY_DBMOVED: attempt to write a readonly database (INSERT INTO ItemTable VALUES (?,?)). Details: Keys: colorThemeData Length: 33453
[2022-07-28 23:27:42.402] [main] [error] [storage state.vscdb] prepare(): Error: SQLITE_READONLY_DBMOVED: attempt to write a readonly database (INSERT INTO ItemTable VALUES (?,?)). Details: Keys: __$__targetStorageMarker Length: 1455
[2022-07-28 23:27:43.718] [main] [error] [storage state.vscdb] prepare(): Error: SQLITE_READONLY_DBMOVED: attempt to write a readonly database (INSERT INTO ItemTable VALUES (?,?)). Details: Keys: workbench.editor.languageDetectionOpenedLanguages.global Length: 197
[2022-07-28 23:27:43.718] [main] [error] [storage state.vscdb] prepare(): Error: SQLITE_READONLY_DBMOVED: attempt to write a readonly database (INSERT INTO ItemTable VALUES (?,?)). Details: Keys: workbench.editor.languageDetectionOpenedLanguages.workspace Length: 107
[2022-07-28 23:27:50.728] [main] [info] Waiting for extension host with pid 102034 to exit.
[2022-07-28 23:27:50.733] [main] [error] [storage state.vscdb] prepare(): Error: SQLITE_READONLY_DBMOVED: attempt to write a readonly database (INSERT INTO ItemTable VALUES (?,?)). Details: Keys: editorFontInfo Length: 1386
[2022-07-28 23:27:50.733] [main] [error] [storage state.vscdb] prepare(): Error: SQLITE_READONLY_DBMOVED: attempt to write a readonly database (INSERT INTO ItemTable VALUES (?,?),(?,?),(?,?),(?,?),(?,?),(?,?),(?,?),(?,?),(?,?)). Details: Keys: __$__targetStorageMarker, terminal.integrated.bufferState, lifecyle.lastShutdownReason, memento/workbench.parts.editor, editors.mru, history.entries, memento/workbench.editors.files.textFileEditor, codelens/cache2, workbench.explorer.treeViewState Length: 24552
[2022-07-28 23:27:50.932] [main] [info] Extension host with pid 102034 exited with code: 0, signal: null.
[2022-07-28 23:27:50.933] [main] [error] Error: ENOENT: no such file or directory, unlink '/home/nick/.config/VSCodium/User/workspaceStorage/69fda865fb354ebd4b1aab302cfdd388/state.vscdb'
