[2022-07-28T12:38:23.582Z] Log level: Info
[2022-07-28T12:38:23.583Z] [info] Validating found git in: git
[2022-07-28T12:38:23.593Z] [info] Using git 2.37.1 from git
[2022-07-28T12:38:23.601Z] > git rev-parse --show-toplevel [2ms]
[2022-07-28T12:38:23.606Z] > git rev-parse --git-dir --git-common-dir [1ms]
[2022-07-28T12:38:23.609Z] [info] Open repository: /home/nick/.config/awesome
[2022-07-28T12:38:23.624Z] > git status -z -uall [9ms]
[2022-07-28T12:38:23.635Z] > git symbolic-ref --short HEAD [6ms]
[2022-07-28T12:38:23.645Z] > git for-each-ref --format=%(refname)%00%(upstream:short)%00%(objectname)%00%(upstream:track)%00%(upstream:remotename)%00%(upstream:remoteref) refs/heads/main refs/remotes/main [5ms]
[2022-07-28T12:38:23.654Z] > git remote --verbose [2ms]
[2022-07-28T12:38:23.654Z] > git for-each-ref --sort -committerdate --format %(refname) %(objectname) %(*objectname) [5ms]
[2022-07-28T12:38:23.660Z] > git config --get commit.template [0ms]
[2022-07-28T12:38:23.666Z] > git status -z -uall [3ms]
[2022-07-28T12:38:23.669Z] > git symbolic-ref --short HEAD [0ms]
[2022-07-28T12:38:23.672Z] > git for-each-ref --format=%(refname)%00%(upstream:short)%00%(objectname)%00%(upstream:track)%00%(upstream:remotename)%00%(upstream:remoteref) refs/heads/main refs/remotes/main [0ms]
[2022-07-28T12:38:23.677Z] > git for-each-ref --sort -committerdate --format %(refname) %(objectname) %(*objectname) [3ms]
[2022-07-28T12:38:23.677Z] > git remote --verbose [0ms]
[2022-07-28T12:38:23.681Z] > git config --get commit.template [1ms]
[2022-07-28T12:38:23.922Z] > git show --textconv :rc.lua [3ms]
[2022-07-28T12:38:23.923Z] > git ls-files --stage -- /home/nick/.config/awesome/rc.lua [1ms]
[2022-07-28T12:38:23.925Z] > git cat-file -s 25ba68e77ff0092f5a7b7cafe2b683d7608d2090 [0ms]
[2022-07-28T12:38:24.138Z] > git check-ignore -v -z --stdin [0ms]
[2022-07-28T12:38:37.288Z] > git show --textconv :rc.lua [3ms]
[2022-07-28T12:38:37.288Z] > git ls-files --stage -- /home/nick/.config/awesome/rc.lua [1ms]
[2022-07-28T12:38:37.291Z] > git cat-file -s 25ba68e77ff0092f5a7b7cafe2b683d7608d2090 [1ms]
[2022-07-28T12:38:44.215Z] > git show --textconv :rc.lua [3ms]
[2022-07-28T12:38:44.215Z] > git ls-files --stage -- /home/nick/.config/awesome/rc.lua [1ms]
[2022-07-28T12:38:44.218Z] > git cat-file -s 25ba68e77ff0092f5a7b7cafe2b683d7608d2090 [1ms]
[2022-07-28T12:38:49.844Z] > git show --textconv :rc.lua [2ms]
[2022-07-28T12:38:49.845Z] > git ls-files --stage -- /home/nick/.config/awesome/rc.lua [1ms]
[2022-07-28T12:38:49.847Z] > git cat-file -s 25ba68e77ff0092f5a7b7cafe2b683d7608d2090 [0ms]
[2022-07-28T12:38:55.077Z] > git show --textconv :rc.lua [3ms]
[2022-07-28T12:38:55.078Z] > git ls-files --stage -- /home/nick/.config/awesome/rc.lua [2ms]
[2022-07-28T12:38:55.080Z] > git cat-file -s 25ba68e77ff0092f5a7b7cafe2b683d7608d2090 [0ms]
