[2022-07-07 14:46:17.833] [exthost] [info] Extension host with pid 11506 started
[2022-07-07 14:46:18.082] [exthost] [info] ExtensionService#_doActivateExtension vscode.debug-auto-launch, startup: true, activationEvent: '*'
[2022-07-07 14:46:18.086] [exthost] [info] ExtensionService#_doActivateExtension vscode.git-base, startup: true, activationEvent: '*', root cause: vscode.git
[2022-07-07 14:46:18.092] [exthost] [info] ExtensionService#_doActivateExtension vscode.ipynb, startup: true, activationEvent: '*'
[2022-07-07 14:46:18.254] [exthost] [info] ExtensionService#_doActivateExtension vscode.git, startup: true, activationEvent: '*'
[2022-07-07 14:46:18.300] [exthost] [info] ExtensionService#_doActivateExtension vscode.github, startup: true, activationEvent: '*'
[2022-07-07 14:46:18.323] [exthost] [info] Eager extensions activated
[2022-07-07 14:46:18.329] [exthost] [info] ExtensionService#_doActivateExtension vscode.emmet, startup: false, activationEvent: 'onStartupFinished'
[2022-07-07 14:46:18.340] [exthost] [info] ExtensionService#_doActivateExtension vscode.merge-conflict, startup: false, activationEvent: 'onStartupFinished'
[2022-07-07 14:46:34.253] [exthost] [info] ExtensionService#_doActivateExtension vscodevim.vim, startup: false, activationEvent: '*'
[2022-07-07 14:50:28.404] [exthost] [info] Extension host terminating: received terminate message from renderer
[2022-07-07 14:50:28.623] [exthost] [error] TypeError: Converting circular structure to JSON
    --> starting at object with constructor 't'
    |     property '_readableState' -> object with constructor 'M'
    |     property 'pipes' -> object with constructor 'Array'
    |     index 0 -> object with constructor 't.ConsoleForElectron'
    --- property 'parent' closes the circle
    at JSON.stringify (<anonymous>)
    at /home/nick/.vscode-oss/extensions/vscodevim.vim-1.23.1/src/register/register.ts:333:16
    at runMicrotasks (<anonymous>)
    at process.async (node:internal/process/task_queues:96:5)
    at Object.e.deactivate (/home/nick/.vscode-oss/extensions/vscodevim.vim-1.23.1/extension.ts:64:8)
    at async Promise.all (index 7)
    at g._deactivateAll (/usr/share/codium/resources/app/out/vs/workbench/api/node/extensionHostProcess.js:88:10669)
[2022-07-07 14:50:28.623] [exthost] [info] Extension host with pid 11506 exiting with code 0
[2022-07-07 14:50:29.489] [exthost] [info] Extension host with pid 12274 started
[2022-07-07 14:50:29.489] [exthost] [info] Skipping acquiring lock for /home/nick/.config/VSCodium/User/workspaceStorage/81ed8fa9d9de7ff1d81adaf43bc08ca9.
[2022-07-07 14:50:29.523] [exthost] [info] ExtensionService#_doActivateExtension vscode.debug-auto-launch, startup: true, activationEvent: '*'
[2022-07-07 14:50:29.524] [exthost] [info] ExtensionService#_doActivateExtension vscode.git-base, startup: true, activationEvent: '*'
[2022-07-07 14:50:29.525] [exthost] [info] ExtensionService#_doActivateExtension vscode.ipynb, startup: true, activationEvent: '*'
[2022-07-07 14:50:29.526] [exthost] [info] ExtensionService#_doActivateExtension vscodevim.vim, startup: true, activationEvent: '*'
[2022-07-07 14:50:29.568] [exthost] [info] ExtensionService#_doActivateExtension vscode.github, startup: true, activationEvent: '*'
[2022-07-07 14:50:29.575] [exthost] [info] Eager extensions activated
[2022-07-07 14:50:29.579] [exthost] [info] ExtensionService#_doActivateExtension vscode.emmet, startup: false, activationEvent: 'onStartupFinished'
[2022-07-07 14:50:29.582] [exthost] [info] ExtensionService#_doActivateExtension vscode.merge-conflict, startup: false, activationEvent: 'onStartupFinished'
[2022-07-07 14:50:33.678] [exthost] [info] ExtensionService#_doActivateExtension vscode.git, startup: false, activationEvent: 'api', root cause: vscode.github
