[2022-07-28T10:47:49.500Z] Log level: Info
[2022-07-28T10:47:49.500Z] [info] Validating found git in: git
[2022-07-28T10:47:49.513Z] [info] Using git 2.37.1 from git
[2022-07-28T10:47:49.520Z] > git rev-parse --show-toplevel [1ms]
[2022-07-28T10:47:49.524Z] > git rev-parse --git-dir --git-common-dir [1ms]
[2022-07-28T10:47:49.527Z] [info] Open repository: /home/nick/.config/awesome
[2022-07-28T10:47:49.532Z] > git status -z -uall [1ms]
[2022-07-28T10:47:49.535Z] > git symbolic-ref --short HEAD [1ms]
[2022-07-28T10:47:49.545Z] > git for-each-ref --format=%(refname)%00%(upstream:short)%00%(objectname)%00%(upstream:track)%00%(upstream:remotename)%00%(upstream:remoteref) refs/heads/main refs/remotes/main [8ms]
[2022-07-28T10:47:49.565Z] > git remote --verbose [14ms]
[2022-07-28T10:47:49.565Z] > git for-each-ref --sort -committerdate --format %(refname) %(objectname) %(*objectname) [16ms]
[2022-07-28T10:47:49.572Z] > git config --get commit.template [0ms]
[2022-07-28T10:47:49.576Z] > git status -z -uall [1ms]
[2022-07-28T10:47:49.579Z] > git symbolic-ref --short HEAD [1ms]
[2022-07-28T10:47:49.582Z] > git for-each-ref --format=%(refname)%00%(upstream:short)%00%(objectname)%00%(upstream:track)%00%(upstream:remotename)%00%(upstream:remoteref) refs/heads/main refs/remotes/main [1ms]
[2022-07-28T10:47:49.588Z] > git for-each-ref --sort -committerdate --format %(refname) %(objectname) %(*objectname) [4ms]
[2022-07-28T10:47:49.589Z] > git remote --verbose [3ms]
[2022-07-28T10:47:49.595Z] > git config --get commit.template [1ms]
[2022-07-28T10:47:49.838Z] > git show --textconv :rc.lua [3ms]
[2022-07-28T10:47:49.839Z] > git ls-files --stage -- /home/nick/.config/awesome/rc.lua [1ms]
[2022-07-28T10:47:49.841Z] > git cat-file -s e8a0914c0e6cbd66005d470fad58686a6e774474 [0ms]
[2022-07-28T10:47:50.066Z] > git check-ignore -v -z --stdin [0ms]
[2022-07-28T10:59:44.427Z] > git show --textconv HEAD:rc.lua [3ms]
[2022-07-28T10:59:44.427Z] > git ls-tree -l HEAD -- /home/nick/.config/awesome/rc.lua [0ms]
[2022-07-28T10:59:52.791Z] > git add -A -- /home/nick/.config/awesome/rc.lua [2ms]
[2022-07-28T10:59:52.794Z] > git status -z -uall [1ms]
[2022-07-28T10:59:52.798Z] > git symbolic-ref --short HEAD [1ms]
[2022-07-28T10:59:52.801Z] > git for-each-ref --format=%(refname)%00%(upstream:short)%00%(objectname)%00%(upstream:track)%00%(upstream:remotename)%00%(upstream:remoteref) refs/heads/main refs/remotes/main [1ms]
[2022-07-28T10:59:52.805Z] > git for-each-ref --sort -committerdate --format %(refname) %(objectname) %(*objectname) [2ms]
[2022-07-28T10:59:52.806Z] > git remote --verbose [1ms]
[2022-07-28T10:59:52.810Z] > git config --get commit.template [1ms]
[2022-07-28T10:59:53.852Z] > git status -z -uall [1ms]
[2022-07-28T10:59:53.854Z] > git symbolic-ref --short HEAD [0ms]
[2022-07-28T10:59:53.864Z] > git for-each-ref --format=%(refname)%00%(upstream:short)%00%(objectname)%00%(upstream:track)%00%(upstream:remotename)%00%(upstream:remoteref) refs/heads/main refs/remotes/main [3ms]
[2022-07-28T10:59:53.874Z] > git for-each-ref --sort -committerdate --format %(refname) %(objectname) %(*objectname) [3ms]
[2022-07-28T10:59:53.874Z] > git remote --verbose [1ms]
[2022-07-28T10:59:53.878Z] > git config --get commit.template [1ms]
[2022-07-28T10:59:53.952Z] > git ls-files --stage -- /home/nick/.config/awesome/rc.lua [1ms]
[2022-07-28T10:59:53.955Z] > git cat-file -s 25ba68e77ff0092f5a7b7cafe2b683d7608d2090 [0ms]
[2022-07-28T10:59:53.961Z] > git show --textconv :rc.lua [1ms]
[2022-07-28T10:59:58.889Z] > git status -z -uall [3ms]
[2022-07-28T10:59:58.892Z] > git symbolic-ref --short HEAD [1ms]
[2022-07-28T10:59:58.900Z] > git for-each-ref --format=%(refname)%00%(upstream:short)%00%(objectname)%00%(upstream:track)%00%(upstream:remotename)%00%(upstream:remoteref) refs/heads/main refs/remotes/main [3ms]
[2022-07-28T10:59:58.908Z] > git for-each-ref --sort -committerdate --format %(refname) %(objectname) %(*objectname) [3ms]
[2022-07-28T10:59:58.908Z] > git remote --verbose [1ms]
[2022-07-28T10:59:58.912Z] > git config --get commit.template [0ms]
[2022-07-28T11:00:01.151Z] > git show --textconv :.git/COMMIT_EDITMSG [3ms]
[2022-07-28T11:00:01.152Z] > git ls-files --stage -- /home/nick/.config/awesome/.git/COMMIT_EDITMSG [1ms]
[2022-07-28T11:00:01.463Z] > git check-ignore -v -z --stdin [1ms]
[2022-07-28T11:00:01.998Z] > git ls-files --stage -- /home/nick/.config/awesome/rc.lua [3ms]
[2022-07-28T11:00:02.000Z] > git ls-files --stage -- /home/nick/.config/awesome/.git/COMMIT_EDITMSG [2ms]
[2022-07-28T11:00:02.001Z] > git cat-file -s 25ba68e77ff0092f5a7b7cafe2b683d7608d2090 [1ms]
[2022-07-28T11:00:02.008Z] > git show --textconv :.git/COMMIT_EDITMSG [2ms]
[2022-07-28T11:00:02.009Z] > git show --textconv :rc.lua [1ms]
[2022-07-28T11:00:06.881Z] > git ls-files --stage -- /home/nick/.config/awesome/rc.lua [3ms]
[2022-07-28T11:00:06.885Z] > git cat-file -s 25ba68e77ff0092f5a7b7cafe2b683d7608d2090 [1ms]
[2022-07-28T11:00:06.886Z] > git -c user.useConfigOnly=true commit --quiet [6052ms]
[2022-07-28T11:00:06.886Z] Aborting commit due to empty commit message.
[2022-07-28T11:00:08.730Z] > git show --textconv :.git/COMMIT_EDITMSG [3ms]
[2022-07-28T11:00:08.730Z] > git ls-files --stage -- /home/nick/.config/awesome/.git/COMMIT_EDITMSG [1ms]
[2022-07-28T11:00:09.590Z] > git ls-files --stage -- /home/nick/.config/awesome/rc.lua [3ms]
[2022-07-28T11:00:09.592Z] > git ls-files --stage -- /home/nick/.config/awesome/.git/COMMIT_EDITMSG [3ms]
[2022-07-28T11:00:09.593Z] > git cat-file -s 25ba68e77ff0092f5a7b7cafe2b683d7608d2090 [1ms]
[2022-07-28T11:00:09.597Z] > git show --textconv :.git/COMMIT_EDITMSG [1ms]
[2022-07-28T11:00:09.602Z] > git show --textconv :rc.lua [1ms]
[2022-07-28T11:00:22.557Z] > git ls-files --stage -- /home/nick/.config/awesome/rc.lua [3ms]
[2022-07-28T11:00:22.559Z] > git ls-files --stage -- /home/nick/.config/awesome/.git/COMMIT_EDITMSG [3ms]
[2022-07-28T11:00:22.560Z] > git cat-file -s 25ba68e77ff0092f5a7b7cafe2b683d7608d2090 [1ms]
[2022-07-28T11:00:22.566Z] > git show --textconv :.git/COMMIT_EDITMSG [3ms]
[2022-07-28T11:00:22.567Z] > git show --textconv :rc.lua [1ms]
[2022-07-28T11:00:29.294Z] > git ls-files --stage -- /home/nick/.config/awesome/rc.lua [1ms]
[2022-07-28T11:00:29.298Z] > git cat-file -s 25ba68e77ff0092f5a7b7cafe2b683d7608d2090 [1ms]
[2022-07-28T11:00:29.300Z] > git -c user.useConfigOnly=true commit --quiet [20874ms]
[2022-07-28T11:00:29.306Z] > git status -z -uall [1ms]
[2022-07-28T11:00:29.312Z] > git symbolic-ref --short HEAD [0ms]
[2022-07-28T11:00:29.318Z] > git for-each-ref --format=%(refname)%00%(upstream:short)%00%(objectname)%00%(upstream:track)%00%(upstream:remotename)%00%(upstream:remoteref) refs/heads/main refs/remotes/main [1ms]
[2022-07-28T11:00:29.324Z] > git for-each-ref --sort -committerdate --format %(refname) %(objectname) %(*objectname) [3ms]
[2022-07-28T11:00:29.324Z] > git remote --verbose [1ms]
[2022-07-28T11:00:29.330Z] > git config --get commit.template [1ms]
[2022-07-28T11:00:37.309Z] > git ls-tree -l HEAD -- /home/nick/.config/awesome/rc.lua [5ms]
[2022-07-28T11:00:37.309Z] > git log --oneline --cherry main...main@{upstream} -- [1ms]
[2022-07-28T11:00:37.789Z] > git pull --tags origin main [477ms]
[2022-07-28T11:00:37.789Z] From https://github.com/NuclearPsychedelic/awesome
 * branch            main       -> FETCH_HEAD
[2022-07-28T11:00:38.707Z] > git push origin main:main [915ms]
[2022-07-28T11:00:38.707Z] To https://github.com/NuclearPsychedelic/awesome.git
   5d483ab..0f8783b  main -> main
[2022-07-28T11:00:38.712Z] > git status -z -uall [1ms]
[2022-07-28T11:00:38.715Z] > git symbolic-ref --short HEAD [1ms]
[2022-07-28T11:00:38.718Z] > git for-each-ref --format=%(refname)%00%(upstream:short)%00%(objectname)%00%(upstream:track)%00%(upstream:remotename)%00%(upstream:remoteref) refs/heads/main refs/remotes/main [1ms]
[2022-07-28T11:00:38.722Z] > git for-each-ref --sort -committerdate --format %(refname) %(objectname) %(*objectname) [2ms]
[2022-07-28T11:00:38.722Z] > git remote --verbose [0ms]
[2022-07-28T11:00:38.727Z] > git config --get commit.template [1ms]
[2022-07-28T11:00:39.458Z] > git show --textconv :rc.lua [6ms]
[2022-07-28T11:00:39.459Z] > git ls-files --stage -- /home/nick/.config/awesome/rc.lua [3ms]
[2022-07-28T11:00:39.463Z] > git cat-file -s 25ba68e77ff0092f5a7b7cafe2b683d7608d2090 [1ms]
[2022-07-28T11:00:39.863Z] > git status -z -uall [2ms]
[2022-07-28T11:00:39.866Z] > git symbolic-ref --short HEAD [1ms]
[2022-07-28T11:00:39.869Z] > git for-each-ref --format=%(refname)%00%(upstream:short)%00%(objectname)%00%(upstream:track)%00%(upstream:remotename)%00%(upstream:remoteref) refs/heads/main refs/remotes/main [1ms]
[2022-07-28T11:00:39.873Z] > git for-each-ref --sort -committerdate --format %(refname) %(objectname) %(*objectname) [2ms]
[2022-07-28T11:00:39.874Z] > git remote --verbose [1ms]
[2022-07-28T11:00:39.877Z] > git config --get commit.template [0ms]
[2022-07-28T11:00:39.966Z] > git ls-files --stage -- /home/nick/.config/awesome/rc.lua [1ms]
[2022-07-28T11:00:39.969Z] > git cat-file -s 25ba68e77ff0092f5a7b7cafe2b683d7608d2090 [1ms]
[2022-07-28T11:00:39.975Z] > git show --textconv :rc.lua [1ms]
[2022-07-28T11:00:44.888Z] > git status -z -uall [2ms]
[2022-07-28T11:00:44.898Z] > git symbolic-ref --short HEAD [1ms]
[2022-07-28T11:00:44.906Z] > git for-each-ref --format=%(refname)%00%(upstream:short)%00%(objectname)%00%(upstream:track)%00%(upstream:remotename)%00%(upstream:remoteref) refs/heads/main refs/remotes/main [2ms]
[2022-07-28T11:00:44.912Z] > git for-each-ref --sort -committerdate --format %(refname) %(objectname) %(*objectname) [3ms]
[2022-07-28T11:00:44.912Z] > git remote --verbose [1ms]
[2022-07-28T11:00:44.915Z] > git config --get commit.template [0ms]
[2022-07-28T11:06:20.560Z] > git status -z -uall [3ms]
[2022-07-28T11:06:20.562Z] > git symbolic-ref --short HEAD [0ms]
[2022-07-28T11:06:20.569Z] > git for-each-ref --format=%(refname)%00%(upstream:short)%00%(objectname)%00%(upstream:track)%00%(upstream:remotename)%00%(upstream:remoteref) refs/heads/main refs/remotes/main [2ms]
[2022-07-28T11:06:20.582Z] > git for-each-ref --sort -committerdate --format %(refname) %(objectname) %(*objectname) [7ms]
[2022-07-28T11:06:20.583Z] > git remote --verbose [2ms]
[2022-07-28T11:06:20.591Z] > git config --get commit.template [1ms]
[2022-07-28T11:07:31.287Z] > git status -z -uall [3ms]
[2022-07-28T11:07:31.293Z] > git symbolic-ref --short HEAD [2ms]
[2022-07-28T11:07:31.301Z] > git for-each-ref --format=%(refname)%00%(upstream:short)%00%(objectname)%00%(upstream:track)%00%(upstream:remotename)%00%(upstream:remoteref) refs/heads/main refs/remotes/main [2ms]
[2022-07-28T11:07:31.312Z] > git for-each-ref --sort -committerdate --format %(refname) %(objectname) %(*objectname) [5ms]
[2022-07-28T11:07:31.313Z] > git remote --verbose [1ms]
[2022-07-28T11:07:31.319Z] > git config --get commit.template [1ms]
[2022-07-28T11:08:40.963Z] > git status -z -uall [3ms]
[2022-07-28T11:08:40.971Z] > git symbolic-ref --short HEAD [2ms]
[2022-07-28T11:08:40.979Z] > git for-each-ref --format=%(refname)%00%(upstream:short)%00%(objectname)%00%(upstream:track)%00%(upstream:remotename)%00%(upstream:remoteref) refs/heads/main refs/remotes/main [2ms]
[2022-07-28T11:08:40.990Z] > git for-each-ref --sort -committerdate --format %(refname) %(objectname) %(*objectname) [5ms]
[2022-07-28T11:08:40.991Z] > git remote --verbose [1ms]
[2022-07-28T11:08:40.997Z] > git config --get commit.template [0ms]
[2022-07-28T11:10:02.665Z] > git status -z -uall [1ms]
[2022-07-28T11:10:02.672Z] > git symbolic-ref --short HEAD [2ms]
[2022-07-28T11:10:02.681Z] > git for-each-ref --format=%(refname)%00%(upstream:short)%00%(objectname)%00%(upstream:track)%00%(upstream:remotename)%00%(upstream:remoteref) refs/heads/main refs/remotes/main [1ms]
[2022-07-28T11:10:02.690Z] > git for-each-ref --sort -committerdate --format %(refname) %(objectname) %(*objectname) [7ms]
[2022-07-28T11:10:02.690Z] > git remote --verbose [1ms]
[2022-07-28T11:10:02.698Z] > git config --get commit.template [2ms]
[2022-07-28T11:10:21.158Z] > git status -z -uall [2ms]
[2022-07-28T11:10:21.164Z] > git symbolic-ref --short HEAD [1ms]
[2022-07-28T11:10:21.172Z] > git for-each-ref --format=%(refname)%00%(upstream:short)%00%(objectname)%00%(upstream:track)%00%(upstream:remotename)%00%(upstream:remoteref) refs/heads/main refs/remotes/main [2ms]
[2022-07-28T11:10:21.184Z] > git for-each-ref --sort -committerdate --format %(refname) %(objectname) %(*objectname) [6ms]
[2022-07-28T11:10:21.185Z] > git remote --verbose [2ms]
[2022-07-28T11:10:21.192Z] > git config --get commit.template [1ms]
[2022-07-28T11:11:14.906Z] > git status -z -uall [3ms]
[2022-07-28T11:11:14.909Z] > git symbolic-ref --short HEAD [1ms]
[2022-07-28T11:11:14.917Z] > git for-each-ref --format=%(refname)%00%(upstream:short)%00%(objectname)%00%(upstream:track)%00%(upstream:remotename)%00%(upstream:remoteref) refs/heads/main refs/remotes/main [2ms]
[2022-07-28T11:11:14.930Z] > git for-each-ref --sort -committerdate --format %(refname) %(objectname) %(*objectname) [7ms]
[2022-07-28T11:11:14.930Z] > git remote --verbose [1ms]
[2022-07-28T11:11:14.938Z] > git config --get commit.template [1ms]
[2022-07-28T11:13:20.165Z] > git status -z -uall [3ms]
[2022-07-28T11:13:20.173Z] > git symbolic-ref --short HEAD [2ms]
[2022-07-28T11:13:20.180Z] > git for-each-ref --format=%(refname)%00%(upstream:short)%00%(objectname)%00%(upstream:track)%00%(upstream:remotename)%00%(upstream:remoteref) refs/heads/main refs/remotes/main [2ms]
[2022-07-28T11:13:20.189Z] > git for-each-ref --sort -committerdate --format %(refname) %(objectname) %(*objectname) [5ms]
[2022-07-28T11:13:20.190Z] > git remote --verbose [1ms]
[2022-07-28T11:13:20.195Z] > git config --get commit.template [1ms]
[2022-07-28T11:15:37.066Z] > git status -z -uall [3ms]
[2022-07-28T11:15:37.072Z] > git symbolic-ref --short HEAD [2ms]
[2022-07-28T11:15:37.080Z] > git for-each-ref --format=%(refname)%00%(upstream:short)%00%(objectname)%00%(upstream:track)%00%(upstream:remotename)%00%(upstream:remoteref) refs/heads/main refs/remotes/main [2ms]
[2022-07-28T11:15:37.093Z] > git for-each-ref --sort -committerdate --format %(refname) %(objectname) %(*objectname) [7ms]
[2022-07-28T11:15:37.093Z] > git remote --verbose [1ms]
[2022-07-28T11:15:37.100Z] > git config --get commit.template [1ms]
[2022-07-28T11:16:33.144Z] > git status -z -uall [3ms]
[2022-07-28T11:16:33.150Z] > git symbolic-ref --short HEAD [2ms]
[2022-07-28T11:16:33.158Z] > git for-each-ref --format=%(refname)%00%(upstream:short)%00%(objectname)%00%(upstream:track)%00%(upstream:remotename)%00%(upstream:remoteref) refs/heads/main refs/remotes/main [2ms]
[2022-07-28T11:16:33.171Z] > git for-each-ref --sort -committerdate --format %(refname) %(objectname) %(*objectname) [6ms]
[2022-07-28T11:16:33.171Z] > git remote --verbose [1ms]
[2022-07-28T11:16:33.177Z] > git config --get commit.template [1ms]
[2022-07-28T11:17:09.238Z] > git status -z -uall [3ms]
[2022-07-28T11:17:09.241Z] > git symbolic-ref --short HEAD [1ms]
[2022-07-28T11:17:09.249Z] > git for-each-ref --format=%(refname)%00%(upstream:short)%00%(objectname)%00%(upstream:track)%00%(upstream:remotename)%00%(upstream:remoteref) refs/heads/main refs/remotes/main [2ms]
[2022-07-28T11:17:09.261Z] > git for-each-ref --sort -committerdate --format %(refname) %(objectname) %(*objectname) [6ms]
[2022-07-28T11:17:09.261Z] > git remote --verbose [1ms]
[2022-07-28T11:17:09.268Z] > git config --get commit.template [1ms]
[2022-07-28T11:20:42.505Z] > git status -z -uall [3ms]
[2022-07-28T11:20:42.513Z] > git symbolic-ref --short HEAD [2ms]
[2022-07-28T11:20:42.519Z] > git for-each-ref --format=%(refname)%00%(upstream:short)%00%(objectname)%00%(upstream:track)%00%(upstream:remotename)%00%(upstream:remoteref) refs/heads/main refs/remotes/main [2ms]
[2022-07-28T11:20:42.531Z] > git for-each-ref --sort -committerdate --format %(refname) %(objectname) %(*objectname) [6ms]
[2022-07-28T11:20:42.531Z] > git remote --verbose [1ms]
[2022-07-28T11:20:42.537Z] > git config --get commit.template [1ms]
[2022-07-28T12:31:46.477Z] > git show --textconv :rc.lua [2ms]
[2022-07-28T12:31:46.478Z] > git ls-files --stage -- /home/nick/.config/awesome/rc.lua [1ms]
[2022-07-28T12:31:46.480Z] > git cat-file -s 25ba68e77ff0092f5a7b7cafe2b683d7608d2090 [0ms]
[2022-07-28T12:33:37.364Z] > git status -z -uall [1ms]
[2022-07-28T12:33:37.367Z] > git symbolic-ref --short HEAD [1ms]
[2022-07-28T12:33:37.370Z] > git for-each-ref --format=%(refname)%00%(upstream:short)%00%(objectname)%00%(upstream:track)%00%(upstream:remotename)%00%(upstream:remoteref) refs/heads/main refs/remotes/main [1ms]
[2022-07-28T12:33:37.374Z] > git for-each-ref --sort -committerdate --format %(refname) %(objectname) %(*objectname) [2ms]
[2022-07-28T12:33:37.374Z] > git remote --verbose [0ms]
[2022-07-28T12:33:37.377Z] > git config --get commit.template [0ms]
[2022-07-28T12:37:34.527Z] > git status -z -uall [2ms]
[2022-07-28T12:37:34.534Z] > git symbolic-ref --short HEAD [1ms]
[2022-07-28T12:37:34.543Z] > git for-each-ref --format=%(refname)%00%(upstream:short)%00%(objectname)%00%(upstream:track)%00%(upstream:remotename)%00%(upstream:remoteref) refs/heads/main refs/remotes/main [2ms]
[2022-07-28T12:37:34.554Z] > git for-each-ref --sort -committerdate --format %(refname) %(objectname) %(*objectname) [5ms]
[2022-07-28T12:37:34.555Z] > git remote --verbose [1ms]
[2022-07-28T12:37:34.561Z] > git config --get commit.template [1ms]
