[2022-07-28 23:06:26.199] [exthost] [info] Extension host with pid 102034 started
[2022-07-28 23:06:26.199] [exthost] [info] Skipping acquiring lock for /home/nick/.config/VSCodium/User/workspaceStorage/69fda865fb354ebd4b1aab302cfdd388.
[2022-07-28 23:06:26.237] [exthost] [info] ExtensionService#_doActivateExtension vscode.debug-auto-launch, startup: true, activationEvent: '*'
[2022-07-28 23:06:26.239] [exthost] [info] ExtensionService#_doActivateExtension vscode.git-base, startup: true, activationEvent: '*', root cause: vscode.git
[2022-07-28 23:06:26.240] [exthost] [info] ExtensionService#_doActivateExtension vscode.ipynb, startup: true, activationEvent: '*'
[2022-07-28 23:06:26.243] [exthost] [info] ExtensionService#_doActivateExtension vscodevim.vim, startup: true, activationEvent: '*'
[2022-07-28 23:06:26.317] [exthost] [info] ExtensionService#_doActivateExtension vscode.git, startup: true, activationEvent: '*'
[2022-07-28 23:06:26.340] [exthost] [info] ExtensionService#_doActivateExtension vscode.github, startup: true, activationEvent: '*'
[2022-07-28 23:06:26.372] [exthost] [info] Eager extensions activated
[2022-07-28 23:06:26.393] [exthost] [info] ExtensionService#_doActivateExtension vscode.emmet, startup: false, activationEvent: 'onStartupFinished'
[2022-07-28 23:06:26.398] [exthost] [info] ExtensionService#_doActivateExtension vscode.merge-conflict, startup: false, activationEvent: 'onStartupFinished'
[2022-07-28 23:12:05.855] [exthost] [warning] TextEditor is closed/disposed
[2022-07-28 23:12:05.856] [exthost] [warning] TextEditor is closed/disposed
[2022-07-28 23:12:05.865] [exthost] [warning] ExtHostTextEditorOptions 'setCursorStyle' failed:'
[2022-07-28 23:12:05.865] [exthost] [warning] {"name":"DISPOSED","message":"TextEditor(vs.editor.ICodeEditor:1,$model8) has been disposed"}
[2022-07-28 23:12:26.907] [exthost] [info] ExtensionService#_doActivateExtension vscode.configuration-editing, startup: false, activationEvent: 'onLanguage:jsonc'
[2022-07-28 23:12:26.911] [exthost] [info] ExtensionService#_doActivateExtension vscode.json-language-features, startup: false, activationEvent: 'onLanguage:jsonc'
[2022-07-28 23:12:26.924] [exthost] [info] ExtensionService#_doActivateExtension vscode.typescript-language-features, startup: false, activationEvent: 'onLanguage:jsonc'
[2022-07-28 23:27:50.712] [exthost] [info] Extension host terminating: received terminate message from renderer
[2022-07-28 23:27:50.920] [exthost] [error] TypeError: Converting circular structure to JSON
    --> starting at object with constructor 't'
    |     property '_readableState' -> object with constructor 'M'
    |     property 'pipes' -> object with constructor 'Array'
    |     index 0 -> object with constructor 't.ConsoleForElectron'
    --- property 'parent' closes the circle
    at JSON.stringify (<anonymous>)
    at /home/nick/.vscode-oss/extensions/vscodevim.vim-1.23.1/src/register/register.ts:333:16
    at process.async (node:internal/process/task_queues:96:5)
    at Object.e.deactivate (/home/nick/.vscode-oss/extensions/vscodevim.vim-1.23.1/extension.ts:64:8)
    at async Promise.all (index 10)
    at v._deactivateAll (/usr/share/codium/resources/app/out/vs/workbench/api/node/extensionHostProcess.js:97:10669)
[2022-07-28 23:27:50.921] [exthost] [info] Extension host with pid 102034 exiting with code 0
