[2022-04-22 18:31:38.559] [exthost] [info] Extension host with pid 17503 started
[2022-04-22 18:31:38.587] [exthost] [info] ExtensionService#_doActivateExtension vscode.debug-auto-launch, startup: true, activationEvent: '*'
[2022-04-22 18:31:38.588] [exthost] [info] ExtensionService#_doActivateExtension vscode.git-base, startup: true, activationEvent: '*', root cause: vscode.git
[2022-04-22 18:31:38.590] [exthost] [info] ExtensionService#_doActivateExtension vscode.ipynb, startup: true, activationEvent: '*'
[2022-04-22 18:31:38.606] [exthost] [info] ExtensionService#_doActivateExtension vscode.git, startup: true, activationEvent: '*'
[2022-04-22 18:31:38.615] [exthost] [info] ExtensionService#_doActivateExtension vscode.github, startup: true, activationEvent: '*'
[2022-04-22 18:31:38.635] [exthost] [info] Eager extensions activated
[2022-04-22 18:31:38.648] [exthost] [info] ExtensionService#_doActivateExtension vscode.emmet, startup: false, activationEvent: 'onStartupFinished'
[2022-04-22 18:31:38.651] [exthost] [info] ExtensionService#_doActivateExtension vscode.merge-conflict, startup: false, activationEvent: 'onStartupFinished'
[2022-04-22 18:48:49.074] [exthost] [info] ExtensionService#_doActivateExtension vscode.configuration-editing, startup: false, activationEvent: 'onLanguage:jsonc'
[2022-04-22 18:48:49.079] [exthost] [info] ExtensionService#_doActivateExtension vscode.json-language-features, startup: false, activationEvent: 'onLanguage:jsonc'
[2022-04-22 18:48:49.116] [exthost] [info] ExtensionService#_doActivateExtension vscode.typescript-language-features, startup: false, activationEvent: 'onLanguage:jsonc'
[2022-04-22 18:48:59.231] [exthost] [info] ExtensionService#_doActivateExtension vscodevim.vim, startup: false, activationEvent: '*'
[2022-04-22 18:49:05.486] [exthost] [info] extension host terminating: renderer closed the socket
[2022-04-22 18:49:05.493] [exthost] [info] Extension host with pid 17503 exiting with code 0
[2022-04-22 18:49:06.623] [exthost] [info] Extension host with pid 18127 started
[2022-04-22 18:49:06.684] [exthost] [info] ExtensionService#_doActivateExtension vscode.debug-auto-launch, startup: true, activationEvent: '*'
[2022-04-22 18:49:06.686] [exthost] [info] ExtensionService#_doActivateExtension vscode.git-base, startup: true, activationEvent: '*', root cause: vscode.git
[2022-04-22 18:49:06.687] [exthost] [info] ExtensionService#_doActivateExtension vscode.ipynb, startup: true, activationEvent: '*'
[2022-04-22 18:49:06.693] [exthost] [info] ExtensionService#_doActivateExtension vscode.git, startup: true, activationEvent: '*'
[2022-04-22 18:49:06.701] [exthost] [info] ExtensionService#_doActivateExtension vscode.github, startup: true, activationEvent: '*'
[2022-04-22 18:49:06.728] [exthost] [info] Eager extensions activated
[2022-04-22 18:49:06.743] [exthost] [info] ExtensionService#_doActivateExtension vscode.emmet, startup: false, activationEvent: 'onStartupFinished'
[2022-04-22 18:49:06.746] [exthost] [info] ExtensionService#_doActivateExtension vscode.merge-conflict, startup: false, activationEvent: 'onStartupFinished'
[2022-04-22 18:49:20.853] [exthost] [info] ExtensionService#_doActivateExtension vscodevim.vim, startup: false, activationEvent: '*'
