[2022-07-28T09:17:06.501Z] Log level: Info
[2022-07-28T09:17:06.502Z] [info] Validating found git in: git
[2022-07-28T09:17:06.512Z] [info] Using git 2.37.1 from git
[2022-07-28T09:17:06.520Z] > git rev-parse --show-toplevel [2ms]
[2022-07-28T09:17:06.525Z] > git rev-parse --git-dir --git-common-dir [1ms]
[2022-07-28T09:17:06.529Z] [info] Open repository: /home/nick/.config/awesome
[2022-07-28T09:17:06.542Z] > git status -z -uall [8ms]
[2022-07-28T09:17:06.557Z] > git symbolic-ref --short HEAD [11ms]
[2022-07-28T09:17:06.563Z] > git for-each-ref --format=%(refname)%00%(upstream:short)%00%(objectname)%00%(upstream:track)%00%(upstream:remotename)%00%(upstream:remoteref) refs/heads/main refs/remotes/main [1ms]
[2022-07-28T09:17:06.570Z] > git remote --verbose [1ms]
[2022-07-28T09:17:06.570Z] > git for-each-ref --sort -committerdate --format %(refname) %(objectname) %(*objectname) [4ms]
[2022-07-28T09:17:06.583Z] > git config --get commit.template [6ms]
[2022-07-28T09:17:06.589Z] > git status -z -uall [1ms]
[2022-07-28T09:17:06.593Z] > git symbolic-ref --short HEAD [0ms]
[2022-07-28T09:17:06.597Z] > git for-each-ref --format=%(refname)%00%(upstream:short)%00%(objectname)%00%(upstream:track)%00%(upstream:remotename)%00%(upstream:remoteref) refs/heads/main refs/remotes/main [1ms]
[2022-07-28T09:17:06.603Z] > git for-each-ref --sort -committerdate --format %(refname) %(objectname) %(*objectname) [3ms]
[2022-07-28T09:17:06.603Z] > git remote --verbose [1ms]
[2022-07-28T09:17:06.608Z] > git config --get commit.template [1ms]
[2022-07-28T09:17:06.862Z] > git show --textconv :rc.lua [4ms]
[2022-07-28T09:17:06.862Z] > git ls-files --stage -- /home/nick/.config/awesome/rc.lua [1ms]
[2022-07-28T09:17:06.865Z] > git cat-file -s e8a0914c0e6cbd66005d470fad58686a6e774474 [0ms]
[2022-07-28T09:17:07.057Z] > git check-ignore -v -z --stdin [1ms]
[2022-07-28T09:32:56.782Z] > git show --textconv :rc.lua [2ms]
[2022-07-28T09:32:56.783Z] > git ls-files --stage -- /home/nick/.config/awesome/rc.lua [1ms]
[2022-07-28T09:32:56.785Z] > git cat-file -s e8a0914c0e6cbd66005d470fad58686a6e774474 [0ms]
[2022-07-28T09:33:08.961Z] > git show --textconv :rc.lua [5ms]
[2022-07-28T09:33:08.962Z] > git ls-files --stage -- /home/nick/.config/awesome/rc.lua [3ms]
[2022-07-28T09:33:08.970Z] > git cat-file -s e8a0914c0e6cbd66005d470fad58686a6e774474 [2ms]
[2022-07-28T09:34:06.438Z] > git show --textconv :rc.lua [4ms]
[2022-07-28T09:34:06.439Z] > git ls-files --stage -- /home/nick/.config/awesome/rc.lua [2ms]
[2022-07-28T09:34:06.444Z] > git cat-file -s e8a0914c0e6cbd66005d470fad58686a6e774474 [1ms]
[2022-07-28T09:34:30.355Z] > git show --textconv :rc.lua [3ms]
[2022-07-28T09:34:30.356Z] > git ls-files --stage -- /home/nick/.config/awesome/rc.lua [1ms]
[2022-07-28T09:34:30.359Z] > git cat-file -s e8a0914c0e6cbd66005d470fad58686a6e774474 [1ms]
[2022-07-28T09:34:36.063Z] > git show --textconv :rc.lua [4ms]
[2022-07-28T09:34:36.064Z] > git ls-files --stage -- /home/nick/.config/awesome/rc.lua [2ms]
[2022-07-28T09:34:36.072Z] > git cat-file -s e8a0914c0e6cbd66005d470fad58686a6e774474 [2ms]
[2022-07-28T09:34:38.171Z] > git show --textconv :dualmonitorHDMI.sh [2ms]
[2022-07-28T09:34:38.172Z] > git ls-files --stage -- /home/nick/.config/awesome/dualmonitorHDMI.sh [1ms]
[2022-07-28T09:34:38.175Z] > git cat-file -s 6201aa21bb11928675935d45bd2baeeea73f222c [1ms]
[2022-07-28T09:36:59.072Z] > git show --textconv :rc.lua [3ms]
[2022-07-28T09:36:59.072Z] > git ls-files --stage -- /home/nick/.config/awesome/rc.lua [1ms]
[2022-07-28T09:36:59.075Z] > git cat-file -s e8a0914c0e6cbd66005d470fad58686a6e774474 [1ms]
[2022-07-28T09:37:06.945Z] > git show --textconv :rc.lua [3ms]
[2022-07-28T09:37:06.946Z] > git ls-files --stage -- /home/nick/.config/awesome/rc.lua [1ms]
[2022-07-28T09:37:06.948Z] > git cat-file -s e8a0914c0e6cbd66005d470fad58686a6e774474 [1ms]
[2022-07-28T09:37:11.257Z] > git show --textconv :theme.lua [4ms]
[2022-07-28T09:37:11.258Z] > git ls-files --stage -- /home/nick/.config/awesome/theme.lua [1ms]
[2022-07-28T09:37:11.260Z] > git cat-file -s 78de582968cc49cbdf825b04a812949c9643ecd2 [1ms]
[2022-07-28T09:37:15.233Z] > git show --textconv :theme.lua [2ms]
[2022-07-28T09:37:15.234Z] > git ls-files --stage -- /home/nick/.config/awesome/theme.lua [1ms]
[2022-07-28T09:37:15.236Z] > git cat-file -s 78de582968cc49cbdf825b04a812949c9643ecd2 [0ms]
[2022-07-28T09:37:16.352Z] > git show --textconv :rc.lua [4ms]
[2022-07-28T09:37:16.353Z] > git ls-files --stage -- /home/nick/.config/awesome/rc.lua [1ms]
[2022-07-28T09:37:16.355Z] > git cat-file -s e8a0914c0e6cbd66005d470fad58686a6e774474 [0ms]
[2022-07-28T09:37:17.655Z] > git show --textconv :theme.lua [4ms]
[2022-07-28T09:37:17.656Z] > git ls-files --stage -- /home/nick/.config/awesome/theme.lua [1ms]
[2022-07-28T09:37:17.664Z] > git cat-file -s 78de582968cc49cbdf825b04a812949c9643ecd2 [2ms]
[2022-07-28T09:38:43.798Z] > git show --textconv :dualmonitorHDMI.sh [3ms]
[2022-07-28T09:38:43.798Z] > git ls-files --stage -- /home/nick/.config/awesome/dualmonitorHDMI.sh [0ms]
[2022-07-28T09:38:43.801Z] > git cat-file -s 6201aa21bb11928675935d45bd2baeeea73f222c [1ms]
[2022-07-28T09:38:46.047Z] > git show --textconv :rc.lua [3ms]
[2022-07-28T09:38:46.048Z] > git ls-files --stage -- /home/nick/.config/awesome/rc.lua [1ms]
[2022-07-28T09:38:46.050Z] > git cat-file -s e8a0914c0e6cbd66005d470fad58686a6e774474 [1ms]
[2022-07-28T09:39:46.658Z] > git show --textconv :dualmonitorHDMI.sh [3ms]
[2022-07-28T09:39:46.658Z] > git ls-files --stage -- /home/nick/.config/awesome/dualmonitorHDMI.sh [1ms]
[2022-07-28T09:39:46.662Z] > git cat-file -s 6201aa21bb11928675935d45bd2baeeea73f222c [2ms]
[2022-07-28T09:39:49.806Z] > git show --textconv :todo [3ms]
[2022-07-28T09:39:49.806Z] > git ls-files --stage -- /home/nick/.config/awesome/todo [0ms]
[2022-07-28T09:39:49.809Z] > git cat-file -s d27174dfe6cb4d0a77b994d02adf4c8faf4b4ade [1ms]
[2022-07-28T09:39:56.242Z] > git show --textconv :dualmonitorHDMI.sh [3ms]
[2022-07-28T09:39:56.242Z] > git ls-files --stage -- /home/nick/.config/awesome/dualmonitorHDMI.sh [1ms]
[2022-07-28T09:39:56.245Z] > git cat-file -s 6201aa21bb11928675935d45bd2baeeea73f222c [1ms]
[2022-07-28T10:45:29.519Z] > git show --textconv :rc.lua [3ms]
[2022-07-28T10:45:29.520Z] > git ls-files --stage -- /home/nick/.config/awesome/rc.lua [1ms]
[2022-07-28T10:45:29.523Z] > git cat-file -s e8a0914c0e6cbd66005d470fad58686a6e774474 [1ms]
[2022-07-28T10:46:17.844Z] > git status -z -uall [1ms]
[2022-07-28T10:46:17.847Z] > git symbolic-ref --short HEAD [1ms]
[2022-07-28T10:46:17.850Z] > git for-each-ref --format=%(refname)%00%(upstream:short)%00%(objectname)%00%(upstream:track)%00%(upstream:remotename)%00%(upstream:remoteref) refs/heads/main refs/remotes/main [1ms]
[2022-07-28T10:46:17.854Z] > git for-each-ref --sort -committerdate --format %(refname) %(objectname) %(*objectname) [2ms]
[2022-07-28T10:46:17.854Z] > git remote --verbose [0ms]
[2022-07-28T10:46:17.858Z] > git config --get commit.template [0ms]
