[2022-07-28T09:07:14.372Z] Log level: Info
[2022-07-28T09:07:14.373Z] [info] Validating found git in: git
[2022-07-28T09:07:14.380Z] [info] Using git 2.37.1 from git
[2022-07-28T09:07:14.390Z] > git rev-parse --show-toplevel [3ms]
[2022-07-28T09:07:14.395Z] > git rev-parse --git-dir --git-common-dir [1ms]
[2022-07-28T09:07:14.399Z] [info] Open repository: /home/nick/.config/awesome
[2022-07-28T09:07:14.417Z] > git status -z -uall [14ms]
[2022-07-28T09:07:14.425Z] > git symbolic-ref --short HEAD [5ms]
[2022-07-28T09:07:14.429Z] > git for-each-ref --format=%(refname)%00%(upstream:short)%00%(objectname)%00%(upstream:track)%00%(upstream:remotename)%00%(upstream:remoteref) refs/heads/main refs/remotes/main [1ms]
[2022-07-28T09:07:14.436Z] > git remote --verbose [1ms]
[2022-07-28T09:07:14.436Z] > git for-each-ref --sort -committerdate --format %(refname) %(objectname) %(*objectname) [4ms]
[2022-07-28T09:07:14.443Z] > git config --get commit.template [2ms]
[2022-07-28T09:07:14.449Z] > git status -z -uall [1ms]
[2022-07-28T09:07:14.453Z] > git symbolic-ref --short HEAD [1ms]
[2022-07-28T09:07:14.457Z] > git for-each-ref --format=%(refname)%00%(upstream:short)%00%(objectname)%00%(upstream:track)%00%(upstream:remotename)%00%(upstream:remoteref) refs/heads/main refs/remotes/main [1ms]
[2022-07-28T09:07:14.463Z] > git for-each-ref --sort -committerdate --format %(refname) %(objectname) %(*objectname) [3ms]
[2022-07-28T09:07:14.463Z] > git remote --verbose [1ms]
[2022-07-28T09:07:14.469Z] > git config --get commit.template [1ms]
[2022-07-28T09:07:14.719Z] > git show --textconv :rc.lua [4ms]
[2022-07-28T09:07:14.720Z] > git ls-files --stage -- /home/nick/.config/awesome/rc.lua [1ms]
[2022-07-28T09:07:14.724Z] > git cat-file -s 72c148df60447f8d4be7f5396f5d70c5987e7bb8 [1ms]
[2022-07-28T09:07:14.920Z] > git check-ignore -v -z --stdin [0ms]
[2022-07-28T09:08:06.162Z] > git status -z -uall [1ms]
[2022-07-28T09:08:06.164Z] > git symbolic-ref --short HEAD [0ms]
[2022-07-28T09:08:06.167Z] > git for-each-ref --format=%(refname)%00%(upstream:short)%00%(objectname)%00%(upstream:track)%00%(upstream:remotename)%00%(upstream:remoteref) refs/heads/main refs/remotes/main [1ms]
[2022-07-28T09:08:06.172Z] > git for-each-ref --sort -committerdate --format %(refname) %(objectname) %(*objectname) [3ms]
[2022-07-28T09:08:06.172Z] > git remote --verbose [1ms]
[2022-07-28T09:08:06.177Z] > git config --get commit.template [1ms]
[2022-07-28T09:08:06.264Z] > git ls-files --stage -- /home/nick/.config/awesome/rc.lua [1ms]
[2022-07-28T09:08:06.266Z] > git cat-file -s e8a0914c0e6cbd66005d470fad58686a6e774474 [0ms]
[2022-07-28T09:08:06.272Z] > git show --textconv :rc.lua [1ms]
[2022-07-28T09:08:32.903Z] > git status -z -uall [3ms]
[2022-07-28T09:08:32.910Z] > git symbolic-ref --short HEAD [2ms]
[2022-07-28T09:08:32.919Z] > git for-each-ref --format=%(refname)%00%(upstream:short)%00%(objectname)%00%(upstream:track)%00%(upstream:remotename)%00%(upstream:remoteref) refs/heads/main refs/remotes/main [3ms]
[2022-07-28T09:08:32.929Z] > git for-each-ref --sort -committerdate --format %(refname) %(objectname) %(*objectname) [5ms]
[2022-07-28T09:08:32.929Z] > git remote --verbose [1ms]
[2022-07-28T09:08:32.937Z] > git config --get commit.template [1ms]
[2022-07-28T09:08:32.998Z] > git ls-files --stage -- /home/nick/.config/awesome/rc.lua [1ms]
[2022-07-28T09:08:33.000Z] > git cat-file -s e8a0914c0e6cbd66005d470fad58686a6e774474 [1ms]
[2022-07-28T09:08:33.005Z] > git show --textconv :rc.lua [0ms]
[2022-07-28T09:08:38.177Z] > git status -z -uall [2ms]
[2022-07-28T09:08:38.182Z] > git symbolic-ref --short HEAD [2ms]
[2022-07-28T09:08:38.189Z] > git for-each-ref --format=%(refname)%00%(upstream:short)%00%(objectname)%00%(upstream:track)%00%(upstream:remotename)%00%(upstream:remoteref) refs/heads/main refs/remotes/main [2ms]
[2022-07-28T09:08:38.201Z] > git for-each-ref --sort -committerdate --format %(refname) %(objectname) %(*objectname) [6ms]
[2022-07-28T09:08:38.202Z] > git remote --verbose [2ms]
[2022-07-28T09:08:38.211Z] > git config --get commit.template [2ms]
[2022-07-28T09:08:38.292Z] > git ls-files --stage -- /home/nick/.config/awesome/rc.lua [1ms]
[2022-07-28T09:08:38.295Z] > git cat-file -s e8a0914c0e6cbd66005d470fad58686a6e774474 [0ms]
[2022-07-28T09:08:38.313Z] > git show --textconv :rc.lua [2ms]
