[2022-07-28 13:47:49.281] [exthost] [info] Extension host with pid 35879 started
[2022-07-28 13:47:49.281] [exthost] [info] Skipping acquiring lock for /home/nick/.config/VSCodium/User/workspaceStorage/69fda865fb354ebd4b1aab302cfdd388.
[2022-07-28 13:47:49.319] [exthost] [info] ExtensionService#_doActivateExtension vscode.debug-auto-launch, startup: true, activationEvent: '*'
[2022-07-28 13:47:49.321] [exthost] [info] ExtensionService#_doActivateExtension vscode.git-base, startup: true, activationEvent: '*', root cause: vscode.git
[2022-07-28 13:47:49.322] [exthost] [info] ExtensionService#_doActivateExtension vscode.ipynb, startup: true, activationEvent: '*'
[2022-07-28 13:47:49.323] [exthost] [info] ExtensionService#_doActivateExtension vscodevim.vim, startup: true, activationEvent: '*'
[2022-07-28 13:47:49.446] [exthost] [info] ExtensionService#_doActivateExtension vscode.git, startup: true, activationEvent: '*'
[2022-07-28 13:47:49.464] [exthost] [info] ExtensionService#_doActivateExtension vscode.github, startup: true, activationEvent: '*'
[2022-07-28 13:47:49.519] [exthost] [info] Eager extensions activated
[2022-07-28 13:47:49.539] [exthost] [info] ExtensionService#_doActivateExtension vscode.emmet, startup: false, activationEvent: 'onStartupFinished'
[2022-07-28 13:47:49.543] [exthost] [info] ExtensionService#_doActivateExtension vscode.merge-conflict, startup: false, activationEvent: 'onStartupFinished'
[2022-07-28 14:00:29.293] [exthost] [warning] TextEditor is closed/disposed
[2022-07-28 14:00:29.293] [exthost] [warning] TextEditor is closed/disposed
[2022-07-28 14:00:29.298] [exthost] [warning] ExtHostTextEditorOptions 'setCursorStyle' failed:'
[2022-07-28 14:00:29.298] [exthost] [warning] {"name":"DISPOSED","message":"TextEditor(vs.editor.ICodeEditor:1,$model5) has been disposed"}
[2022-07-28 15:38:20.700] [exthost] [info] Extension host terminating: received terminate message from renderer
[2022-07-28 15:38:20.905] [exthost] [error] TypeError: r.some is not a function
    at Function.saveToDisk (/home/nick/.vscode-oss/extensions/vscodevim.vim-1.23.1/src/register/register.ts:326:30)
    at Object.e.deactivate (/home/nick/.vscode-oss/extensions/vscodevim.vim-1.23.1/extension.ts:65:18)
    at v._deactivate (/usr/share/codium/resources/app/out/vs/workbench/api/node/extensionHostProcess.js:97:13087)
    at /usr/share/codium/resources/app/out/vs/workbench/api/node/extensionHostProcess.js:97:10645
    at Array.map (<anonymous>)
    at v._deactivateAll (/usr/share/codium/resources/app/out/vs/workbench/api/node/extensionHostProcess.js:97:10632)
    at v.terminate (/usr/share/codium/resources/app/out/vs/workbench/api/node/extensionHostProcess.js:97:11014)
    at v.terminate (/usr/share/codium/resources/app/out/vs/workbench/api/node/extensionHostProcess.js:101:620)
    at m (/usr/share/codium/resources/app/out/vs/workbench/api/node/extensionHostProcess.js:111:36671)
    at /usr/share/codium/resources/app/out/vs/workbench/api/node/extensionHostProcess.js:111:34616
    at v.invoke (/usr/share/codium/resources/app/out/vs/workbench/api/node/extensionHostProcess.js:61:145)
    at w.deliver (/usr/share/codium/resources/app/out/vs/workbench/api/node/extensionHostProcess.js:61:2266)
    at p.fire (/usr/share/codium/resources/app/out/vs/workbench/api/node/extensionHostProcess.js:61:1844)
    at a.fire (/usr/share/codium/resources/app/out/vs/workbench/api/node/extensionHostProcess.js:69:18976)
    at r._receiveMessage (/usr/share/codium/resources/app/out/vs/workbench/api/node/extensionHostProcess.js:69:23563)
    at /usr/share/codium/resources/app/out/vs/workbench/api/node/extensionHostProcess.js:69:21097
    at v.invoke (/usr/share/codium/resources/app/out/vs/workbench/api/node/extensionHostProcess.js:61:145)
    at w.deliver (/usr/share/codium/resources/app/out/vs/workbench/api/node/extensionHostProcess.js:61:2266)
    at p.fire (/usr/share/codium/resources/app/out/vs/workbench/api/node/extensionHostProcess.js:61:1844)
    at p.acceptChunk (/usr/share/codium/resources/app/out/vs/workbench/api/node/extensionHostProcess.js:69:15807)
    at /usr/share/codium/resources/app/out/vs/workbench/api/node/extensionHostProcess.js:69:14937
    at Socket.R (/usr/share/codium/resources/app/out/vs/workbench/api/node/extensionHostProcess.js:111:13763)
    at Socket.emit (node:events:390:28)
    at addChunk (node:internal/streams/readable:315:12)
    at readableAddChunk (node:internal/streams/readable:289:9)
    at Socket.Readable.push (node:internal/streams/readable:228:10)
    at Pipe.onStreamRead (node:internal/stream_base_commons:199:23)
[2022-07-28 15:38:20.905] [exthost] [error] Canceled: Canceled
    at Object.L [as canceled] (/usr/share/codium/resources/app/out/vs/workbench/api/node/extensionHostProcess.js:7:1204)
    at /usr/share/codium/resources/app/out/vs/workbench/api/node/extensionHostProcess.js:95:9099
    at Array.forEach (<anonymous>)
    at s.dispose (/usr/share/codium/resources/app/out/vs/workbench/api/node/extensionHostProcess.js:95:9047)
    at v.terminate (/usr/share/codium/resources/app/out/vs/workbench/api/node/extensionHostProcess.js:97:10990)
    at v.terminate (/usr/share/codium/resources/app/out/vs/workbench/api/node/extensionHostProcess.js:101:620)
    at m (/usr/share/codium/resources/app/out/vs/workbench/api/node/extensionHostProcess.js:111:36671)
    at /usr/share/codium/resources/app/out/vs/workbench/api/node/extensionHostProcess.js:111:34616
    at v.invoke (/usr/share/codium/resources/app/out/vs/workbench/api/node/extensionHostProcess.js:61:145)
    at w.deliver (/usr/share/codium/resources/app/out/vs/workbench/api/node/extensionHostProcess.js:61:2266)
    at p.fire (/usr/share/codium/resources/app/out/vs/workbench/api/node/extensionHostProcess.js:61:1844)
    at a.fire (/usr/share/codium/resources/app/out/vs/workbench/api/node/extensionHostProcess.js:69:18976)
    at r._receiveMessage (/usr/share/codium/resources/app/out/vs/workbench/api/node/extensionHostProcess.js:69:23563)
    at /usr/share/codium/resources/app/out/vs/workbench/api/node/extensionHostProcess.js:69:21097
    at v.invoke (/usr/share/codium/resources/app/out/vs/workbench/api/node/extensionHostProcess.js:61:145)
    at w.deliver (/usr/share/codium/resources/app/out/vs/workbench/api/node/extensionHostProcess.js:61:2266)
    at p.fire (/usr/share/codium/resources/app/out/vs/workbench/api/node/extensionHostProcess.js:61:1844)
    at p.acceptChunk (/usr/share/codium/resources/app/out/vs/workbench/api/node/extensionHostProcess.js:69:15807)
    at /usr/share/codium/resources/app/out/vs/workbench/api/node/extensionHostProcess.js:69:14937
    at Socket.R (/usr/share/codium/resources/app/out/vs/workbench/api/node/extensionHostProcess.js:111:13763)
    at Socket.emit (node:events:390:28)
    at addChunk (node:internal/streams/readable:315:12)
    at readableAddChunk (node:internal/streams/readable:289:9)
    at Socket.Readable.push (node:internal/streams/readable:228:10)
    at Pipe.onStreamRead (node:internal/stream_base_commons:199:23) git.commit {"value":"vscode.git","_lower":"vscode.git"}
[2022-07-28 15:38:20.905] [exthost] [error] Canceled: Canceled
    at Object.L [as canceled] (/usr/share/codium/resources/app/out/vs/workbench/api/node/extensionHostProcess.js:7:1204)
    at /usr/share/codium/resources/app/out/vs/workbench/api/node/extensionHostProcess.js:95:9099
    at Array.forEach (<anonymous>)
    at s.dispose (/usr/share/codium/resources/app/out/vs/workbench/api/node/extensionHostProcess.js:95:9047)
    at v.terminate (/usr/share/codium/resources/app/out/vs/workbench/api/node/extensionHostProcess.js:97:10990)
    at v.terminate (/usr/share/codium/resources/app/out/vs/workbench/api/node/extensionHostProcess.js:101:620)
    at m (/usr/share/codium/resources/app/out/vs/workbench/api/node/extensionHostProcess.js:111:36671)
    at /usr/share/codium/resources/app/out/vs/workbench/api/node/extensionHostProcess.js:111:34616
    at v.invoke (/usr/share/codium/resources/app/out/vs/workbench/api/node/extensionHostProcess.js:61:145)
    at w.deliver (/usr/share/codium/resources/app/out/vs/workbench/api/node/extensionHostProcess.js:61:2266)
    at p.fire (/usr/share/codium/resources/app/out/vs/workbench/api/node/extensionHostProcess.js:61:1844)
    at a.fire (/usr/share/codium/resources/app/out/vs/workbench/api/node/extensionHostProcess.js:69:18976)
    at r._receiveMessage (/usr/share/codium/resources/app/out/vs/workbench/api/node/extensionHostProcess.js:69:23563)
    at /usr/share/codium/resources/app/out/vs/workbench/api/node/extensionHostProcess.js:69:21097
    at v.invoke (/usr/share/codium/resources/app/out/vs/workbench/api/node/extensionHostProcess.js:61:145)
    at w.deliver (/usr/share/codium/resources/app/out/vs/workbench/api/node/extensionHostProcess.js:61:2266)
    at p.fire (/usr/share/codium/resources/app/out/vs/workbench/api/node/extensionHostProcess.js:61:1844)
    at p.acceptChunk (/usr/share/codium/resources/app/out/vs/workbench/api/node/extensionHostProcess.js:69:15807)
    at /usr/share/codium/resources/app/out/vs/workbench/api/node/extensionHostProcess.js:69:14937
    at Socket.R (/usr/share/codium/resources/app/out/vs/workbench/api/node/extensionHostProcess.js:111:13763)
    at Socket.emit (node:events:390:28)
    at addChunk (node:internal/streams/readable:315:12)
    at readableAddChunk (node:internal/streams/readable:289:9)
    at Socket.Readable.push (node:internal/streams/readable:228:10)
    at Pipe.onStreamRead (node:internal/stream_base_commons:199:23) _vscode_delegate_cmd_l64wwie4 undefined
[2022-07-28 15:38:20.905] [exthost] [info] Extension host with pid 35879 exiting with code 0
